105.04.14 17:19 B F:\PF\p2\.depend <-- alba /home/i/infjpf02/PF/p2 .depend
105.04.14 17:19 B F:\PF\p2\c <-- alba /home/i/infjpf02/PF/p2 c
105.04.14 17:19 B F:\PF\p2\conjunto.cmi <-- alba /home/i/infjpf02/PF/p2 conjunto.cmi
105.04.14 17:19 B F:\PF\p2\conjunto.cmo <-- alba /home/i/infjpf02/PF/p2 conjunto.cmo
105.04.14 17:19 B F:\PF\p2\conjunto.ml <-- alba /home/i/infjpf02/PF/p2 conjunto.ml
105.04.14 17:19 B F:\PF\p2\conjunto.mli <-- alba /home/i/infjpf02/PF/p2 conjunto.mli
105.04.14 17:19 B F:\PF\p2\definiciones <-- alba /home/i/infjpf02/PF/p2 definiciones
105.04.14 17:19 B F:\PF\p2\example <-- alba /home/i/infjpf02/PF/p2 example
105.04.14 17:19 B F:\PF\p2\fresca.cmi <-- alba /home/i/infjpf02/PF/p2 fresca.cmi
105.04.14 17:19 B F:\PF\p2\fresca.cmo <-- alba /home/i/infjpf02/PF/p2 fresca.cmo
105.04.14 17:19 B F:\PF\p2\fresca.ml <-- alba /home/i/infjpf02/PF/p2 fresca.ml
105.04.14 17:19 B F:\PF\p2\fresca.mli <-- alba /home/i/infjpf02/PF/p2 fresca.mli
105.04.14 17:19 B F:\PF\p2\funtor.ml <-- alba /home/i/infjpf02/PF/p2 funtor.ml
105.04.14 17:19 B F:\PF\p2\lambda <-- alba /home/i/infjpf02/PF/p2 lambda
105.04.14 17:19 B F:\PF\p2\lambda.cmi <-- alba /home/i/infjpf02/PF/p2 lambda.cmi
105.04.14 17:19 B F:\PF\p2\lambda.cmo <-- alba /home/i/infjpf02/PF/p2 lambda.cmo
105.04.14 17:19 B F:\PF\p2\lambda.ml <-- alba /home/i/infjpf02/PF/p2 lambda.ml
105.04.14 17:19 B F:\PF\p2\lambda.ml~ <-- alba /home/i/infjpf02/PF/p2 lambda.ml~
105.04.14 17:19 B F:\PF\p2\lector.cmi <-- alba /home/i/infjpf02/PF/p2 lector.cmi
105.04.14 17:19 B F:\PF\p2\lector.cmo <-- alba /home/i/infjpf02/PF/p2 lector.cmo
105.04.14 17:19 B F:\PF\p2\lector.ml <-- alba /home/i/infjpf02/PF/p2 lector.ml
105.04.14 17:19 B F:\PF\p2\lector.mli <-- alba /home/i/infjpf02/PF/p2 lector.mli
105.04.14 17:19 B F:\PF\p2\lexer.cmi <-- alba /home/i/infjpf02/PF/p2 lexer.cmi
105.04.14 17:19 B F:\PF\p2\lexer.cmo <-- alba /home/i/infjpf02/PF/p2 lexer.cmo
105.04.14 17:19 B F:\PF\p2\lexer.ml <-- alba /home/i/infjpf02/PF/p2 lexer.ml
105.04.14 17:19 B F:\PF\p2\lexer.mll <-- alba /home/i/infjpf02/PF/p2 lexer.mll
105.04.14 17:19 B F:\PF\p2\main.cmi <-- alba /home/i/infjpf02/PF/p2 main.cmi
105.04.14 17:19 B F:\PF\p2\main.cmo <-- alba /home/i/infjpf02/PF/p2 main.cmo
105.04.14 17:19 B F:\PF\p2\main.ml <-- alba /home/i/infjpf02/PF/p2 main.ml
105.04.14 17:19 B F:\PF\p2\Makefile <-- alba /home/i/infjpf02/PF/p2 Makefile
105.04.14 17:19 B F:\PF\p2\p2.txt <-- alba /home/i/infjpf02/PF/p2 p2.txt
105.04.14 17:19 B F:\PF\p2\p2.txt~ <-- alba /home/i/infjpf02/PF/p2 p2.txt~
105.04.14 17:19 B F:\PF\p2\parser.cmi <-- alba /home/i/infjpf02/PF/p2 parser.cmi
105.04.14 17:19 B F:\PF\p2\parser.cmo <-- alba /home/i/infjpf02/PF/p2 parser.cmo
105.04.14 17:19 B F:\PF\p2\parser.ml <-- alba /home/i/infjpf02/PF/p2 parser.ml
105.04.14 17:19 B F:\PF\p2\parser.mli <-- alba /home/i/infjpf02/PF/p2 parser.mli
105.04.14 17:19 B F:\PF\p2\parser.mly <-- alba /home/i/infjpf02/PF/p2 parser.mly
105.04.14 17:19 B F:\PF\p2\prac.pdf <-- alba /home/i/infjpf02/PF/p2 prac.pdf
105.04.14 17:19 B F:\PF\p2\pretty.cmi <-- alba /home/i/infjpf02/PF/p2 pretty.cmi
105.04.14 17:19 B F:\PF\p2\pretty.cmo <-- alba /home/i/infjpf02/PF/p2 pretty.cmo
105.04.14 17:19 B F:\PF\p2\pretty.ml <-- alba /home/i/infjpf02/PF/p2 pretty.ml
105.04.14 17:19 B F:\PF\p2\pretty.mli <-- alba /home/i/infjpf02/PF/p2 pretty.mli
105.04.14 17:19 B F:\PF\p2\tipos.cmi <-- alba /home/i/infjpf02/PF/p2 tipos.cmi
105.04.14 17:19 B F:\PF\p2\tipos.cmo <-- alba /home/i/infjpf02/PF/p2 tipos.cmo
105.04.14 17:19 B F:\PF\p2\tipos.ml <-- alba /home/i/infjpf02/PF/p2 tipos.ml
